Listening on: http://localhost:9002
Listening on: http://localhost:9002
Listening on: http://localhost:9002
Listening on: http://localhost:9002
Listening on: http://localhost:9002
Listening on: http://localhost:9002
Listening on: http://localhost:9002
Listening on: http://localhost:9002
Listening on: http://localhost:9002
Listening on: http://localhost:9002
src
Listening on: http://localhost:9002
Error: Template parse errors:
Can't bind to 'routeLink' since it isn't a known property of 'a'. (" collapse pull-right">
        <ul class="nav" id="top-navigation">
          <li class="active"><a [ERROR ->][routeLink]="['/home']">Úvod</a></li>
          <li><a [routeLink]="['/about-us']">O nás</a></li>
   "): Header@15:32
Can't bind to 'routeLink' since it isn't a known property of 'a'. ("navigation">
          <li class="active"><a [routeLink]="['/home']">Úvod</a></li>
          <li><a [ERROR ->][routeLink]="['/about-us']">O nás</a></li>
          <li><a [routeLink]="['/players']">Hráči</a></li>"): Header@16:17
Can't bind to 'routeLink' since it isn't a known property of 'a'. ("/home']">Úvod</a></li>
          <li><a [routeLink]="['/about-us']">O nás</a></li>
          <li><a [ERROR ->][routeLink]="['/players']">Hráči</a></li>
          <li><a [routeLink]="['/statistics']">Statistiky</"): Header@17:17
Can't bind to 'routeLink' since it isn't a known property of 'a'. ("ut-us']">O nás</a></li>
          <li><a [routeLink]="['/players']">Hráči</a></li>
          <li><a [ERROR ->][routeLink]="['/statistics']">Statistiky</a></li>
          <li><a [routeLink]="['/matches']">Zápasy<"): Header@18:17
Can't bind to 'routeLink' since it isn't a known property of 'a'. (">Hráči</a></li>
          <li><a [routeLink]="['/statistics']">Statistiky</a></li>
          <li><a [ERROR ->][routeLink]="['/matches']">Zápasy</a></li>
          <li><a [routeLink]="['/match-schedule']">Tabulka"): Header@19:17
Can't bind to 'routeLink' since it isn't a known property of 'a'. ("]">Statistiky</a></li>
          <li><a [routeLink]="['/matches']">Zápasy</a></li>
          <li><a [ERROR ->][routeLink]="['/match-schedule']">Tabulka</a></li>
          <li><a [routeLink]="['/contact']">Kontak"): Header@20:17
Can't bind to 'routeLink' since it isn't a known property of 'a'. ("ápasy</a></li>
          <li><a [routeLink]="['/match-schedule']">Tabulka</a></li>
          <li><a [ERROR ->][routeLink]="['/contact']">Kontakt</a></li>
        </ul>
      </div>
"): Header@21:17
    at TemplateParser.parse (/usr/share/nginx/volejbal-sokol-benesov/node_modules/@angular/compiler/bundles/compiler.umd.js:8530:21)
    at RuntimeCompiler._compileTemplate (/usr/share/nginx/volejbal-sokol-benesov/node_modules/@angular/compiler/bundles/compiler.umd.js:16905:53)
    at /usr/share/nginx/volejbal-sokol-benesov/node_modules/@angular/compiler/bundles/compiler.umd.js:16828:85
    at Set.forEach (native)
    at compile (/usr/share/nginx/volejbal-sokol-benesov/node_modules/@angular/compiler/bundles/compiler.umd.js:16828:49)
    at ZoneDelegate.invoke (/usr/share/nginx/volejbal-sokol-benesov/node_modules/zone.js/dist/zone-node.js:232:26)
    at Zone.run (/usr/share/nginx/volejbal-sokol-benesov/node_modules/zone.js/dist/zone-node.js:114:43)
    at /usr/share/nginx/volejbal-sokol-benesov/node_modules/zone.js/dist/zone-node.js:502:57
    at ZoneDelegate.invokeTask (/usr/share/nginx/volejbal-sokol-benesov/node_modules/zone.js/dist/zone-node.js:265:35)
    at Zone.runTask (/usr/share/nginx/volejbal-sokol-benesov/node_modules/zone.js/dist/zone-node.js:154:47)
Error: Template parse errors:
Can't bind to 'routeLink' since it isn't a known property of 'a'. (" collapse pull-right">
        <ul class="nav" id="top-navigation">
          <li class="active"><a [ERROR ->][routeLink]="['/home']">Úvod</a></li>
          <li><a [routeLink]="['/about-us']">O nás</a></li>
   "): Header@15:32
Can't bind to 'routeLink' since it isn't a known property of 'a'. ("navigation">
          <li class="active"><a [routeLink]="['/home']">Úvod</a></li>
          <li><a [ERROR ->][routeLink]="['/about-us']">O nás</a></li>
          <li><a [routeLink]="['/players']">Hráči</a></li>"): Header@16:17
Can't bind to 'routeLink' since it isn't a known property of 'a'. ("/home']">Úvod</a></li>
          <li><a [routeLink]="['/about-us']">O nás</a></li>
          <li><a [ERROR ->][routeLink]="['/players']">Hráči</a></li>
          <li><a [routeLink]="['/statistics']">Statistiky</"): Header@17:17
Can't bind to 'routeLink' since it isn't a known property of 'a'. ("ut-us']">O nás</a></li>
          <li><a [routeLink]="['/players']">Hráči</a></li>
          <li><a [ERROR ->][routeLink]="['/statistics']">Statistiky</a></li>
          <li><a [routeLink]="['/matches']">Zápasy<"): Header@18:17
Can't bind to 'routeLink' since it isn't a known property of 'a'. (">Hráči</a></li>
          <li><a [routeLink]="['/statistics']">Statistiky</a></li>
          <li><a [ERROR ->][routeLink]="['/matches']">Zápasy</a></li>
          <li><a [routeLink]="['/match-schedule']">Tabulka"): Header@19:17
Can't bind to 'routeLink' since it isn't a known property of 'a'. ("]">Statistiky</a></li>
          <li><a [routeLink]="['/matches']">Zápasy</a></li>
          <li><a [ERROR ->][routeLink]="['/match-schedule']">Tabulka</a></li>
          <li><a [routeLink]="['/contact']">Kontak"): Header@20:17
Can't bind to 'routeLink' since it isn't a known property of 'a'. ("ápasy</a></li>
          <li><a [routeLink]="['/match-schedule']">Tabulka</a></li>
          <li><a [ERROR ->][routeLink]="['/contact']">Kontakt</a></li>
        </ul>
      </div>
"): Header@21:17
    at TemplateParser.parse (/usr/share/nginx/volejbal-sokol-benesov/node_modules/@angular/compiler/bundles/compiler.umd.js:8530:21)
    at RuntimeCompiler._compileTemplate (/usr/share/nginx/volejbal-sokol-benesov/node_modules/@angular/compiler/bundles/compiler.umd.js:16905:53)
    at /usr/share/nginx/volejbal-sokol-benesov/node_modules/@angular/compiler/bundles/compiler.umd.js:16828:85
    at Set.forEach (native)
    at compile (/usr/share/nginx/volejbal-sokol-benesov/node_modules/@angular/compiler/bundles/compiler.umd.js:16828:49)
    at ZoneDelegate.invoke (/usr/share/nginx/volejbal-sokol-benesov/node_modules/zone.js/dist/zone-node.js:232:26)
    at Zone.run (/usr/share/nginx/volejbal-sokol-benesov/node_modules/zone.js/dist/zone-node.js:114:43)
    at /usr/share/nginx/volejbal-sokol-benesov/node_modules/zone.js/dist/zone-node.js:502:57
    at ZoneDelegate.invokeTask (/usr/share/nginx/volejbal-sokol-benesov/node_modules/zone.js/dist/zone-node.js:265:35)
    at Zone.runTask (/usr/share/nginx/volejbal-sokol-benesov/node_modules/zone.js/dist/zone-node.js:154:47)
src
Listening on: http://localhost:9002
src
Listening on: http://localhost:9002
src
Listening on: http://localhost:9002
src
Listening on: http://localhost:9002
src
Listening on: http://localhost:9002
src
Listening on: http://localhost:9002
src
Listening on: http://localhost:9002
src
Listening on: http://localhost:9002
Listening on: http://localhost:9002
Listening on: http://localhost:9002
Listening on: http://localhost:9002
